[2025-09-26 19:30:38] Archivo subido: equipos/AFCAPER_M40.png
[2025-09-26 19:30:45] Archivo subido: equipos/Agrupaci__n_Amadeus_M40.png
[2025-09-26 19:30:52] Archivo subido: equipos/Agrupaci__n_Mariano_Moreno_FC_M40.png
[2025-09-26 19:31:03] Archivo subido: equipos/Agrupaci__n_Roma_M40.png
[2025-09-26 19:31:12] Archivo subido: equipos/Arrecife_M40.png
[2025-09-26 19:31:19] Archivo subido: equipos/AVA_M40.png
[2025-09-26 19:31:26] Archivo subido: equipos/Avenida_Distribuciones_M40.png
[2025-09-26 19:31:34] Archivo subido: equipos/Camioneros_M40.png
[2025-09-26 19:31:46] Archivo subido: equipos/Distribuidora_Tata.png
[2025-09-26 19:32:00] Archivo subido: equipos/El_Fortin_M40.png
[2025-09-26 19:32:10] Archivo subido: equipos/Farmaci_Abril.png
[2025-09-26 19:32:23] Archivo subido: equipos/La_17.png
[2025-09-26 19:32:35] Archivo subido: equipos/La_Ping__ina_M40.png
[2025-09-26 19:32:43] Archivo subido: equipos/Nono_Gringo_M40.png
[2025-09-26 19:32:54] Archivo subido: equipos/Taladro_M40.png
[2025-09-26 19:33:02] Archivo subido: equipos/Villa_Urquiza_M40.png
[2025-10-23 19:23:57] Sanciones cumplidas en partido 14867: Jose Montenegro (Farmacia Abril): 1/1 fechas [FINALIZADA]; 
[2025-10-23 19:25:14] Sanciones cumplidas en partido 14874: Laureano Sebastián Gómez (La Pingüina M40): 16/100 fechas; Juan Pablo Martinez (La Pingüina M40): 1/1000 fechas; Néstor Darío Alva (La Pingüina M40): 1/1 fechas [FINALIZADA]; 
[2025-10-23 19:27:02] Sanciones cumplidas en partido 14883: Roberto Nicolás Nuñez (La 17): 1/1 fechas [FINALIZADA]; Juan Pablo Martinez (La Pingüina M40): 2/1000 fechas; Laureano Sebastián Gómez (La Pingüina M40): 17/100 fechas; Marcos Romero (La Pingüina M40): 1/1 fechas [FINALIZADA]; Néstor Darío Alva (La Pingüina M40): 1/1 fechas [FINALIZADA]; 
[2025-10-24 19:15:43] Sanciones cumplidas en partido 14863: Luciano Ubaldo Caraballo (AVA M40): 1/2 fechas; Luis Adrian Bello (AVA M40): 1/1 fechas [FINALIZADA]; Mauricio Andriolo (AVA M40): 1/1 fechas [FINALIZADA]; miguel angel Bordis (AVA M40): 1/1 fechas [FINALIZADA]; 
[2025-10-24 19:17:10] Sanciones cumplidas en partido 14862: Jose maria Fanchinelli (Arrecife M40): 1/1 fechas [FINALIZADA]; Hugo Cesar Correa (AFCAPER M40): 1/1 fechas [FINALIZADA]; Juan pablo Lechmann (AFCAPER M40): 1/1 fechas [FINALIZADA]; 
[2025-10-24 19:26:37] Sanciones cumplidas en partido 14864: Marcos ezequiel Chavez (Avenida Distribuciones M40): 1/1 fechas [FINALIZADA]; 
[2025-10-24 19:43:14] Sanciones cumplidas en partido 14891: Laureano Sebastián Gómez (La Pingüina M40): 18/100 fechas; Juan Pablo Martinez (La Pingüina M40): 3/1000 fechas; Néstor Darío Alva (La Pingüina M40): 1/1 fechas [FINALIZADA]; Carlos Reynoso (Nono Gringo M40): 1/1 fechas [FINALIZADA]; 
[2025-10-24 19:44:17] Sanciones cumplidas en partido 14884: Luciano Ubaldo Caraballo (AVA M40): 2/2 fechas [FINALIZADA]; Mauricio Andriolo (AVA M40): 1/1 fechas [FINALIZADA]; 
[2025-10-24 19:45:25] Sanciones cumplidas en partido 14889: MATIAS ESCOBUE (Farmacia Abril): 1/1 fechas [FINALIZADA]; 
[2025-10-24 19:59:14] Sanciones cumplidas en partido 14874: Laureano Sebastián Gómez (La Pingüina M40): 19/100 fechas; Juan Pablo Martinez (La Pingüina M40): 4/1000 fechas; 
[2025-10-24 20:01:35] Sanciones cumplidas en partido 14868: HERNAN RESTANO (Agrupación Roma M40): 1/1 fechas [FINALIZADA]; 
[2025-10-24 20:31:14] Sanciones cumplidas en partido 14860: Rogelio daniel Gauna (Agrupación Mariano Moreno FC M40): 1/1 fechas [FINALIZADA]; 
[2025-10-24 21:00:56] Sanciones cumplidas en partido 14892: Marcos Azcurrain (Avenida Distribuciones M40): 1/1 fechas [FINALIZADA]; Lucas gonzalo Cabaña (Avenida Distribuciones M40): 1/1 fechas [FINALIZADA]; 
[2025-10-24 21:01:30] Sanciones cumplidas en partido 14896: ORLANDO BURGOS (Farmacia Abril): 1/1 fechas [FINALIZADA]; JUAN IGARZA (Farmacia Abril): 1/1 fechas [FINALIZADA]; 
[2025-10-26 14:18:52] Partido 14908 - Sanciones generadas: 🟨🟥 Javier Ricardo Zapata - Doble Amarilla (1 fecha), 🟥 Guillermo Javier Silaur - Roja Directa (1 fecha)
[2025-10-26 14:41:52] Sanciones cumplidas en partido 14909: Juan Pablo Diaz (El Fortin M40): 1/1 fechas [FINALIZADA]; Lorenzo Daniel Alvarez (El Fortin M40): 1/1 fechas [FINALIZADA]; 
[2025-10-28 10:04:08] Formato de campeonato creado: ID 2 - Campeonato: 6 - Zonas: 4 - Clasifican: 16 (2_primeros) - Fases: Cuartos, Semifinal, Final, 3er Puesto
[2025-10-28 10:35:58] Equipo ID 64 asignado a zona ID 1
[2025-10-28 10:35:58] Equipo ID 58 asignado a zona ID 1
[2025-10-28 10:36:02] Equipo ID 59 asignado a zona ID 2
[2025-10-28 10:36:04] Equipo ID 60 asignado a zona ID 3
[2025-10-28 10:36:07] Equipo ID 61 asignado a zona ID 4
[2025-10-28 10:36:11] Equipo ID 66 asignado a zona ID 3
[2025-10-28 10:36:12] Equipo ID 67 asignado a zona ID 4
[2025-10-28 10:36:15] Equipo ID 62 asignado a zona ID 1
[2025-10-28 10:36:18] Equipo ID 65 asignado a zona ID 2
[2025-10-28 10:36:22] Equipo ID 63 asignado a zona ID 2
[2025-10-28 10:36:25] Equipo ID 72 asignado a zona ID 3
[2025-10-28 10:36:28] Equipo ID 73 asignado a zona ID 4
[2025-10-28 10:36:31] Equipo ID 71 asignado a zona ID 3
[2025-10-28 10:36:34] Equipo ID 68 asignado a zona ID 3
[2025-10-28 10:36:40] Equipo ID 70 asignado a zona ID 2
[2025-10-28 10:36:43] Equipo ID 69 asignado a zona ID 4
[2025-10-28 10:36:47] Equipo ID 74 asignado a zona ID 1
[2025-10-28 10:36:58] Equipo ID 72 quitado de zona ID 3
[2025-10-28 10:43:27] Equipo ID 64 quitado de zona ID 1
[2025-10-28 10:43:29] Equipo ID 58 quitado de zona ID 1
[2025-10-28 10:43:29] Equipo ID 58 quitado de zona ID 1
[2025-10-28 10:43:31] Equipo ID 62 quitado de zona ID 1
[2025-10-28 10:43:32] Equipo ID 74 quitado de zona ID 1
[2025-10-28 10:43:34] Equipo ID 59 quitado de zona ID 2
[2025-10-28 10:43:36] Equipo ID 65 quitado de zona ID 2
[2025-10-28 10:43:51] Equipo ID 60 quitado de zona ID 3
[2025-10-28 10:43:53] Equipo ID 66 quitado de zona ID 3
[2025-10-28 10:43:54] Equipo ID 71 quitado de zona ID 3
[2025-10-28 10:43:55] Equipo ID 68 quitado de zona ID 3
[2025-10-28 10:43:56] Equipo ID 61 quitado de zona ID 4
[2025-10-28 10:43:57] Equipo ID 67 quitado de zona ID 4
[2025-10-28 10:43:59] Equipo ID 73 quitado de zona ID 4
[2025-10-28 10:43:59] Equipo ID 69 quitado de zona ID 4
[2025-10-28 10:44:01] Equipo ID 70 quitado de zona ID 2
[2025-10-28 10:44:03] Equipo ID 63 quitado de zona ID 2
[2025-10-28 10:44:45] Equipo ID 64 asignado a zona ID 1
[2025-10-28 10:51:13] Equipo ID 64 quitado de zona ID 1
[2025-10-28 10:51:50] Formato de campeonato creado: ID 3 - Campeonato: 7 - Zonas: 3 - Clasifican: 8 (2_primeros_2_mejores_terceros) - Fases: Semifinal, Final, 3er Puesto
[2025-10-28 11:03:19] Formato de campeonato creado: ID 4 - Campeonato: 8 - Zonas: 4 - Clasifican: 8 (2_primeros) - Fases: Semifinal, Final, 3er Puesto
[2025-10-28 11:03:53] Equipo ID 85 asignado a zona ID 8
[2025-10-28 11:03:55] Equipo ID 76 asignado a zona ID 8
[2025-10-28 11:03:57] Equipo ID 77 asignado a zona ID 8
[2025-10-28 11:03:59] Equipo ID 78 asignado a zona ID 9
[2025-10-28 11:04:01] Equipo ID 79 asignado a zona ID 9
[2025-10-28 11:04:04] Equipo ID 82 asignado a zona ID 9
[2025-10-28 11:04:06] Equipo ID 86 asignado a zona ID 10
[2025-10-28 11:04:09] Equipo ID 87 asignado a zona ID 10
[2025-10-28 11:04:12] Equipo ID 83 asignado a zona ID 10
[2025-10-28 11:04:14] Equipo ID 80 asignado a zona ID 11
[2025-10-28 11:04:17] Equipo ID 81 asignado a zona ID 11
[2025-10-28 11:04:19] Equipo ID 84 asignado a zona ID 11
[2025-10-28 11:04:46] Equipo ID 85 quitado de zona ID 8
[2025-10-28 11:04:47] Equipo ID 76 quitado de zona ID 8
[2025-10-28 11:04:48] Equipo ID 77 quitado de zona ID 8
[2025-10-28 11:04:49] Equipo ID 78 quitado de zona ID 9
[2025-10-28 11:04:50] Equipo ID 79 quitado de zona ID 9
[2025-10-28 11:04:51] Equipo ID 82 quitado de zona ID 9
[2025-10-28 11:04:53] Equipo ID 86 quitado de zona ID 10
[2025-10-28 11:04:54] Equipo ID 87 quitado de zona ID 10
[2025-10-28 11:04:54] Equipo ID 83 quitado de zona ID 10
[2025-10-28 11:04:56] Equipo ID 80 quitado de zona ID 11
[2025-10-28 11:04:57] Equipo ID 81 quitado de zona ID 11
[2025-10-28 11:04:58] Equipo ID 84 quitado de zona ID 11
[2025-10-28 11:07:27] Formato de campeonato creado: ID 5 - Campeonato: 9 - Zonas: 4 - Clasifican: 16 (2_primeros) - Fases: Cuartos, Semifinal, Final, 3er Puesto
[2025-10-28 11:38:06] Equipo ID 1 quitado de zona ID 1
